# JRE version: OpenJDK Runtime Environment (17.0.7) (build 17.0.7+0-b2043.56-10550314)
# Java VM: OpenJDK 64-Bit Server VM (17.0.7+0-b2043.56-10550314, mixed mode, tiered, compressed oops, compressed class ptrs, g1 gc, windows-amd64)
GC Precious Log:
 CPUs: 8 total, 8 available
 Memory: 16303M
 Large Page Support: Disabled
 NUMA Support: Disabled
 Compressed Oops: Enabled (32-bit)
 Heap Region Size: 1M
 Heap Min Capacity: 8M
 Heap Initial Capacity: 256M
 Heap Max Capacity: 2G
 Pre-touch: Disabled
 Parallel Workers: 8
 Concurrent Workers: 2
 Concurrent Refinement Workers: 8
 Periodic GC: Disabled
Heap:
 garbage-first heap   total 274432K, used 189478K [0x0000000080000000, 0x0000000100000000)
  region size 1024K, 69 young (70656K), 8 survivors (8192K)
 Metaspace       used 109152K, committed 109952K, reserved 1179648K
  class space    used 15043K, committed 15424K, reserved 1048576K
GC Heap History (20 events):
Event: 6.225 GC heap before
{Heap before GC invocations=38 (full 0):
 garbage-first heap   total 155648K, used 85679K [0x0000000080000000, 0x0000000100000000)
  region size 1024K, 7 young (7168K), 2 survivors (2048K)
 Metaspace       used 85008K, committed 85568K, reserved 1179648K
  class space    used 11705K, committed 11968K, reserved 1048576K
}
Event: 6.227 GC heap after
{Heap after GC invocations=39 (full 0):
 garbage-first heap   total 155648K, used 81328K [0x0000000080000000, 0x0000000100000000)
  region size 1024K, 1 young (1024K), 1 survivors (1024K)
 Metaspace       used 85008K, committed 85568K, reserved 1179648K
  class space    used 11705K, committed 11968K, reserved 1048576K
}
Event: 6.491 GC heap before
{Heap before GC invocations=39 (full 0):
 garbage-first heap   total 155648K, used 126384K [0x0000000080000000, 0x0000000100000000)
  region size 1024K, 45 young (46080K), 1 survivors (1024K)
 Metaspace       used 88132K, committed 88768K, reserved 1179648K
  class space    used 12159K, committed 12480K, reserved 1048576K
}
Event: 6.493 GC heap after
{Heap after GC invocations=40 (full 0):
 garbage-first heap   total 155648K, used 82940K [0x0000000080000000, 0x0000000100000000)
  region size 1024K, 3 young (3072K), 3 survivors (3072K)
 Metaspace       used 88132K, committed 88768K, reserved 1179648K
  class space    used 12159K, committed 12480K, reserved 1048576K
}
Event: 6.795 GC heap before
{Heap before GC invocations=41 (full 0):
 garbage-first heap   total 155648K, used 126972K [0x0000000080000000, 0x0000000100000000)
  region size 1024K, 46 young (47104K), 3 survivors (3072K)
 Metaspace       used 91616K, committed 92288K, reserved 1179648K
  class space    used 12694K, committed 12992K, reserved 1048576K
}
Event: 6.798 GC heap after
{Heap after GC invocations=42 (full 0):
 garbage-first heap   total 155648K, used 85568K [0x0000000080000000, 0x0000000100000000)
  region size 1024K, 5 young (5120K), 5 survivors (5120K)
 Metaspace       used 91616K, committed 92288K, reserved 1179648K
  class space    used 12694K, committed 12992K, reserved 1048576K
}
Event: 6.809 GC heap before
{Heap before GC invocations=42 (full 0):
 garbage-first heap   total 155648K, used 87616K [0x0000000080000000, 0x0000000100000000)
  region size 1024K, 7 young (7168K), 5 survivors (5120K)
 Metaspace       used 91814K, committed 92480K, reserved 1179648K
  class space    used 12727K, committed 13056K, reserved 1048576K
}
Event: 6.812 GC heap after
{Heap after GC invocations=43 (full 0):
 garbage-first heap   total 155648K, used 85457K [0x0000000080000000, 0x0000000100000000)
  region size 1024K, 1 young (1024K), 1 survivors (1024K)
 Metaspace       used 91814K, committed 92480K, reserved 1179648K
  class space    used 12727K, committed 13056K, reserved 1048576K
}
Event: 7.107 GC heap before
{Heap before GC invocations=43 (full 0):
 garbage-first heap   total 155648K, used 128465K [0x0000000080000000, 0x0000000100000000)
  region size 1024K, 43 young (44032K), 1 survivors (1024K)
 Metaspace       used 95989K, committed 96640K, reserved 1179648K
  class space    used 13299K, committed 13632K, reserved 1048576K
}
Event: 7.110 GC heap after
{Heap after GC invocations=44 (full 0):
 garbage-first heap   total 274432K, used 87371K [0x0000000080000000, 0x0000000100000000)
  region size 1024K, 3 young (3072K), 3 survivors (3072K)
 Metaspace       used 95989K, committed 96640K, reserved 1179648K
  class space    used 13299K, committed 13632K, reserved 1048576K
}
Event: 7.835 GC heap before
{Heap before GC invocations=45 (full 0):
 garbage-first heap   total 274432K, used 217419K [0x0000000080000000, 0x0000000100000000)
  region size 1024K, 130 young (133120K), 3 survivors (3072K)
 Metaspace       used 99936K, committed 100608K, reserved 1179648K
  class space    used 13931K, committed 14272K, reserved 1048576K
}
Event: 7.844 GC heap after
{Heap after GC invocations=46 (full 0):
 garbage-first heap   total 274432K, used 103307K [0x0000000080000000, 0x0000000100000000)
  region size 1024K, 17 young (17408K), 17 survivors (17408K)
 Metaspace       used 99936K, committed 100608K, reserved 1179648K
  class space    used 13931K, committed 14272K, reserved 1048576K
}
Event: 7.848 GC heap before
{Heap before GC invocations=46 (full 0):
 garbage-first heap   total 274432K, used 104331K [0x0000000080000000, 0x0000000100000000)
  region size 1024K, 18 young (18432K), 17 survivors (17408K)
 Metaspace       used 99943K, committed 100608K, reserved 1179648K
  class space    used 13932K, committed 14272K, reserved 1048576K
}
Event: 7.855 GC heap after
{Heap after GC invocations=47 (full 0):
 garbage-first heap   total 274432K, used 104752K [0x0000000080000000, 0x0000000100000000)
  region size 1024K, 2 young (2048K), 2 survivors (2048K)
 Metaspace       used 99943K, committed 100608K, reserved 1179648K
  class space    used 13932K, committed 14272K, reserved 1048576K
}
Event: 8.184 GC heap before
{Heap before GC invocations=47 (full 0):
 garbage-first heap   total 274432K, used 199984K [0x0000000080000000, 0x0000000100000000)
  region size 1024K, 96 young (98304K), 2 survivors (2048K)
 Metaspace       used 100649K, committed 101376K, reserved 1179648K
  class space    used 13982K, committed 14336K, reserved 1048576K
}
Event: 8.187 GC heap after
{Heap after GC invocations=48 (full 0):
 garbage-first heap   total 274432K, used 111092K [0x0000000080000000, 0x0000000100000000)
  region size 1024K, 9 young (9216K), 9 survivors (9216K)
 Metaspace       used 100649K, committed 101376K, reserved 1179648K
  class space    used 13982K, committed 14336K, reserved 1048576K
}
Event: 8.669 GC heap before
{Heap before GC invocations=48 (full 0):
 garbage-first heap   total 274432K, used 207348K [0x0000000080000000, 0x0000000100000000)
  region size 1024K, 104 young (106496K), 9 survivors (9216K)
 Metaspace       used 103792K, committed 104512K, reserved 1179648K
  class space    used 14364K, committed 14720K, reserved 1048576K
}
Event: 8.674 GC heap after
{Heap after GC invocations=49 (full 0):
 garbage-first heap   total 274432K, used 117950K [0x0000000080000000, 0x0000000100000000)
  region size 1024K, 9 young (9216K), 9 survivors (9216K)
 Metaspace       used 103792K, committed 104512K, reserved 1179648K
  class space    used 14364K, committed 14720K, reserved 1048576K
}
Event: 9.826 GC heap before
{Heap before GC invocations=49 (full 0):
 garbage-first heap   total 274432K, used 213182K [0x0000000080000000, 0x0000000100000000)
  region size 1024K, 103 young (105472K), 9 survivors (9216K)
 Metaspace       used 105838K, committed 106624K, reserved 1179648K
  class space    used 14656K, committed 15040K, reserved 1048576K
}
Event: 9.832 GC heap after
{Heap after GC invocations=50 (full 0):
 garbage-first heap   total 274432K, used 123942K [0x0000000080000000, 0x0000000100000000)
  region size 1024K, 8 young (8192K), 8 survivors (8192K)
 Metaspace       used 105838K, committed 106624K, reserved 1179648K
  class space    used 14656K, committed 15040K, reserved 1048576K
}

