# JRE version: OpenJDK Runtime Environment (17.0.7) (build 17.0.7+0-b2043.56-10550314)
# Java VM: OpenJDK 64-Bit Server VM (17.0.7+0-b2043.56-10550314, mixed mode, tiered, compressed oops, compressed class ptrs, g1 gc, windows-amd64)
GC Precious Log:
 CPUs: 8 total, 8 available
 Memory: 16303M
 Large Page Support: Disabled
 NUMA Support: Disabled
 Compressed Oops: Enabled (32-bit)
 Heap Region Size: 1M
 Heap Min Capacity: 8M
 Heap Initial Capacity: 256M
 Heap Max Capacity: 2G
 Pre-touch: Disabled
 Parallel Workers: 8
 Concurrent Workers: 2
 Concurrent Refinement Workers: 8
 Periodic GC: Disabled
Heap:
 garbage-first heap   total 262144K, used 98596K [0x0000000080000000, 0x0000000100000000)
  region size 1024K, 6 young (6144K), 6 survivors (6144K)
 Metaspace       used 98125K, committed 98752K, reserved 1179648K
  class space    used 13605K, committed 13888K, reserved 1048576K
GC Heap History (20 events):
Event: 4.572 GC heap after
{Heap after GC invocations=24 (full 0):
 garbage-first heap   total 137216K, used 72117K [0x0000000080000000, 0x0000000100000000)
  region size 1024K, 4 young (4096K), 4 survivors (4096K)
 Metaspace       used 76364K, committed 76928K, reserved 1179648K
  class space    used 10295K, committed 10560K, reserved 1048576K
}
Event: 4.622 GC heap before
{Heap before GC invocations=24 (full 0):
 garbage-first heap   total 137216K, used 82357K [0x0000000080000000, 0x0000000100000000)
  region size 1024K, 15 young (15360K), 4 survivors (4096K)
 Metaspace       used 77213K, committed 77760K, reserved 1179648K
  class space    used 10420K, committed 10688K, reserved 1048576K
}
Event: 4.624 GC heap after
{Heap after GC invocations=25 (full 0):
 garbage-first heap   total 137216K, used 72448K [0x0000000080000000, 0x0000000100000000)
  region size 1024K, 2 young (2048K), 2 survivors (2048K)
 Metaspace       used 77213K, committed 77760K, reserved 1179648K
  class space    used 10420K, committed 10688K, reserved 1048576K
}
Event: 4.874 GC heap before
{Heap before GC invocations=26 (full 0):
 garbage-first heap   total 137216K, used 115456K [0x0000000080000000, 0x0000000100000000)
  region size 1024K, 44 young (45056K), 2 survivors (2048K)
 Metaspace       used 78899K, committed 79488K, reserved 1179648K
  class space    used 10661K, committed 10944K, reserved 1048576K
}
Event: 4.877 GC heap after
{Heap after GC invocations=27 (full 0):
 garbage-first heap   total 164864K, used 78445K [0x0000000080000000, 0x0000000100000000)
  region size 1024K, 6 young (6144K), 6 survivors (6144K)
 Metaspace       used 78899K, committed 79488K, reserved 1179648K
  class space    used 10661K, committed 10944K, reserved 1048576K
}
Event: 5.156 GC heap before
{Heap before GC invocations=27 (full 0):
 garbage-first heap   total 164864K, used 132717K [0x0000000080000000, 0x0000000100000000)
  region size 1024K, 58 young (59392K), 6 survivors (6144K)
 Metaspace       used 82976K, committed 83584K, reserved 1179648K
  class space    used 11312K, committed 11584K, reserved 1048576K
}
Event: 5.159 GC heap after
{Heap after GC invocations=28 (full 0):
 garbage-first heap   total 164864K, used 80733K [0x0000000080000000, 0x0000000100000000)
  region size 1024K, 3 young (3072K), 3 survivors (3072K)
 Metaspace       used 82976K, committed 83584K, reserved 1179648K
  class space    used 11312K, committed 11584K, reserved 1048576K
}
Event: 5.468 GC heap before
{Heap before GC invocations=28 (full 0):
 garbage-first heap   total 164864K, used 133981K [0x0000000080000000, 0x0000000100000000)
  region size 1024K, 55 young (56320K), 3 survivors (3072K)
 Metaspace       used 86891K, committed 87552K, reserved 1179648K
  class space    used 11976K, committed 12288K, reserved 1048576K
}
Event: 5.471 GC heap after
{Heap after GC invocations=29 (full 0):
 garbage-first heap   total 164864K, used 83109K [0x0000000080000000, 0x0000000100000000)
  region size 1024K, 5 young (5120K), 5 survivors (5120K)
 Metaspace       used 86891K, committed 87552K, reserved 1179648K
  class space    used 11976K, committed 12288K, reserved 1048576K
}
Event: 5.850 GC heap before
{Heap before GC invocations=30 (full 0):
 garbage-first heap   total 164864K, used 135333K [0x0000000080000000, 0x0000000100000000)
  region size 1024K, 56 young (57344K), 5 survivors (5120K)
 Metaspace       used 90864K, committed 91456K, reserved 1179648K
  class space    used 12578K, committed 12864K, reserved 1048576K
}
Event: 5.853 GC heap after
{Heap after GC invocations=31 (full 0):
 garbage-first heap   total 164864K, used 85902K [0x0000000080000000, 0x0000000100000000)
  region size 1024K, 6 young (6144K), 6 survivors (6144K)
 Metaspace       used 90864K, committed 91456K, reserved 1179648K
  class space    used 12578K, committed 12864K, reserved 1048576K
}
Event: 5.866 GC heap before
{Heap before GC invocations=31 (full 0):
 garbage-first heap   total 164864K, used 86926K [0x0000000080000000, 0x0000000100000000)
  region size 1024K, 8 young (8192K), 6 survivors (6144K)
 Metaspace       used 91000K, committed 91584K, reserved 1179648K
  class space    used 12603K, committed 12864K, reserved 1048576K
}
Event: 5.870 GC heap after
{Heap after GC invocations=32 (full 0):
 garbage-first heap   total 164864K, used 85783K [0x0000000080000000, 0x0000000100000000)
  region size 1024K, 1 young (1024K), 1 survivors (1024K)
 Metaspace       used 91000K, committed 91584K, reserved 1179648K
  class space    used 12603K, committed 12864K, reserved 1048576K
}
Event: 6.197 GC heap before
{Heap before GC invocations=32 (full 0):
 garbage-first heap   total 164864K, used 136983K [0x0000000080000000, 0x0000000100000000)
  region size 1024K, 51 young (52224K), 1 survivors (1024K)
 Metaspace       used 95975K, committed 96576K, reserved 1179648K
  class space    used 13310K, committed 13568K, reserved 1048576K
}
Event: 6.200 GC heap after
{Heap after GC invocations=33 (full 0):
 garbage-first heap   total 164864K, used 88060K [0x0000000080000000, 0x0000000100000000)
  region size 1024K, 4 young (4096K), 4 survivors (4096K)
 Metaspace       used 95975K, committed 96576K, reserved 1179648K
  class space    used 13310K, committed 13568K, reserved 1048576K
}
Event: 6.467 GC heap before
{Heap before GC invocations=34 (full 0):
 garbage-first heap   total 164864K, used 136188K [0x0000000080000000, 0x0000000100000000)
  region size 1024K, 51 young (52224K), 4 survivors (4096K)
 Metaspace       used 97849K, committed 98496K, reserved 1179648K
  class space    used 13567K, committed 13824K, reserved 1048576K
}
Event: 6.471 GC heap after
{Heap after GC invocations=35 (full 0):
 garbage-first heap   total 164864K, used 93000K [0x0000000080000000, 0x0000000100000000)
  region size 1024K, 7 young (7168K), 7 survivors (7168K)
 Metaspace       used 97849K, committed 98496K, reserved 1179648K
  class space    used 13567K, committed 13824K, reserved 1048576K
}
Event: 6.474 GC heap before
{Heap before GC invocations=35 (full 0):
 garbage-first heap   total 164864K, used 94024K [0x0000000080000000, 0x0000000100000000)
  region size 1024K, 8 young (8192K), 7 survivors (7168K)
 Metaspace       used 97849K, committed 98496K, reserved 1179648K
  class space    used 13567K, committed 13824K, reserved 1048576K
}
Event: 6.477 GC heap after
{Heap after GC invocations=36 (full 0):
 garbage-first heap   total 164864K, used 93709K [0x0000000080000000, 0x0000000100000000)
  region size 1024K, 1 young (1024K), 1 survivors (1024K)
 Metaspace       used 97849K, committed 98496K, reserved 1179648K
  class space    used 13567K, committed 13824K, reserved 1048576K
}
Event: 6.645 GC heap before
{Heap before GC invocations=36 (full 0):
 garbage-first heap   total 164864K, used 136717K [0x0000000080000000, 0x0000000100000000)
  region size 1024K, 43 young (44032K), 1 survivors (1024K)
 Metaspace       used 98125K, committed 98752K, reserved 1179648K
  class space    used 13605K, committed 13888K, reserved 1048576K
}

