# JRE version: OpenJDK Runtime Environment (17.0.7) (build 17.0.7+0-b2043.56-10550314)
# Java VM: OpenJDK 64-Bit Server VM (17.0.7+0-b2043.56-10550314, mixed mode, tiered, compressed oops, compressed class ptrs, g1 gc, windows-amd64)
GC Precious Log:
 CPUs: 8 total, 8 available
 Memory: 16303M
 Large Page Support: Disabled
 NUMA Support: Disabled
 Compressed Oops: Enabled (32-bit)
 Heap Region Size: 1M
 Heap Min Capacity: 8M
 Heap Initial Capacity: 256M
 Heap Max Capacity: 2G
 Pre-touch: Disabled
 Parallel Workers: 8
 Concurrent Workers: 2
 Concurrent Refinement Workers: 8
 Periodic GC: Disabled
Heap:
 garbage-first heap   total 319488K, used 210451K [0x0000000080000000, 0x0000000100000000)
  region size 1024K, 61 young (62464K), 2 survivors (2048K)
 Metaspace       used 110945K, committed 111744K, reserved 1179648K
  class space    used 14990K, committed 15360K, reserved 1048576K
GC Heap History (20 events):
Event: 5.218 GC heap before
{Heap before GC invocations=21 (full 0):
 garbage-first heap   total 266240K, used 183455K [0x0000000080000000, 0x0000000100000000)
  region size 1024K, 112 young (114688K), 6 survivors (6144K)
 Metaspace       used 80781K, committed 81408K, reserved 1179648K
  class space    used 10927K, committed 11200K, reserved 1048576K
}
Event: 5.224 GC heap after
{Heap after GC invocations=22 (full 0):
 garbage-first heap   total 266240K, used 82653K [0x0000000080000000, 0x0000000100000000)
  region size 1024K, 13 young (13312K), 13 survivors (13312K)
 Metaspace       used 80781K, committed 81408K, reserved 1179648K
  class space    used 10927K, committed 11200K, reserved 1048576K
}
Event: 5.950 GC heap before
{Heap before GC invocations=22 (full 0):
 garbage-first heap   total 266240K, used 195293K [0x0000000080000000, 0x0000000100000000)
  region size 1024K, 123 young (125952K), 13 survivors (13312K)
 Metaspace       used 89511K, committed 90176K, reserved 1179648K
  class space    used 12381K, committed 12672K, reserved 1048576K
}
Event: 5.957 GC heap after
{Heap after GC invocations=23 (full 0):
 garbage-first heap   total 266240K, used 87799K [0x0000000080000000, 0x0000000100000000)
  region size 1024K, 13 young (13312K), 13 survivors (13312K)
 Metaspace       used 89511K, committed 90176K, reserved 1179648K
  class space    used 12381K, committed 12672K, reserved 1048576K
}
Event: 12.271 GC heap before
{Heap before GC invocations=23 (full 0):
 garbage-first heap   total 266240K, used 200439K [0x0000000080000000, 0x0000000100000000)
  region size 1024K, 124 young (126976K), 13 survivors (13312K)
 Metaspace       used 94508K, committed 95168K, reserved 1179648K
  class space    used 13115K, committed 13440K, reserved 1048576K
}
Event: 12.279 GC heap after
{Heap after GC invocations=24 (full 0):
 garbage-first heap   total 266240K, used 97421K [0x0000000080000000, 0x0000000100000000)
  region size 1024K, 15 young (15360K), 15 survivors (15360K)
 Metaspace       used 94508K, committed 95168K, reserved 1179648K
  class space    used 13115K, committed 13440K, reserved 1048576K
}
Event: 12.895 GC heap before
{Heap before GC invocations=24 (full 0):
 garbage-first heap   total 266240K, used 205965K [0x0000000080000000, 0x0000000100000000)
  region size 1024K, 121 young (123904K), 15 survivors (15360K)
 Metaspace       used 100536K, committed 101248K, reserved 1179648K
  class space    used 13947K, committed 14272K, reserved 1048576K
}
Event: 12.904 GC heap after
{Heap after GC invocations=25 (full 0):
 garbage-first heap   total 266240K, used 107118K [0x0000000080000000, 0x0000000100000000)
  region size 1024K, 11 young (11264K), 11 survivors (11264K)
 Metaspace       used 100536K, committed 101248K, reserved 1179648K
  class space    used 13947K, committed 14272K, reserved 1048576K
}
Event: 12.992 GC heap before
{Heap before GC invocations=25 (full 0):
 garbage-first heap   total 266240K, used 127598K [0x0000000080000000, 0x0000000100000000)
  region size 1024K, 32 young (32768K), 11 survivors (11264K)
 Metaspace       used 100692K, committed 101440K, reserved 1179648K
  class space    used 13964K, committed 14336K, reserved 1048576K
}
Event: 12.999 GC heap after
{Heap after GC invocations=26 (full 0):
 garbage-first heap   total 266240K, used 110562K [0x0000000080000000, 0x0000000100000000)
  region size 1024K, 4 young (4096K), 4 survivors (4096K)
 Metaspace       used 100692K, committed 101440K, reserved 1179648K
  class space    used 13964K, committed 14336K, reserved 1048576K
}
Event: 13.555 GC heap before
{Heap before GC invocations=27 (full 0):
 garbage-first heap   total 266240K, used 207842K [0x0000000080000000, 0x0000000100000000)
  region size 1024K, 98 young (100352K), 4 survivors (4096K)
 Metaspace       used 103900K, committed 104640K, reserved 1179648K
  class space    used 14321K, committed 14656K, reserved 1048576K
}
Event: 13.562 GC heap after
{Heap after GC invocations=28 (full 0):
 garbage-first heap   total 266240K, used 117456K [0x0000000080000000, 0x0000000100000000)
  region size 1024K, 13 young (13312K), 13 survivors (13312K)
 Metaspace       used 103900K, committed 104640K, reserved 1179648K
  class space    used 14321K, committed 14656K, reserved 1048576K
}
Event: 13.565 GC heap before
{Heap before GC invocations=28 (full 0):
 garbage-first heap   total 266240K, used 118480K [0x0000000080000000, 0x0000000100000000)
  region size 1024K, 14 young (14336K), 13 survivors (13312K)
 Metaspace       used 103905K, committed 104640K, reserved 1179648K
  class space    used 14321K, committed 14656K, reserved 1048576K
}
Event: 13.570 GC heap after
{Heap after GC invocations=29 (full 0):
 garbage-first heap   total 266240K, used 117344K [0x0000000080000000, 0x0000000100000000)
  region size 1024K, 2 young (2048K), 2 survivors (2048K)
 Metaspace       used 103905K, committed 104640K, reserved 1179648K
  class space    used 14321K, committed 14656K, reserved 1048576K
}
Event: 14.341 GC heap before
{Heap before GC invocations=29 (full 0):
 garbage-first heap   total 266240K, used 217696K [0x0000000080000000, 0x0000000100000000)
  region size 1024K, 92 young (94208K), 2 survivors (2048K)
 Metaspace       used 106855K, committed 107648K, reserved 1179648K
  class space    used 14640K, committed 15040K, reserved 1048576K
}
Event: 14.350 GC heap after
{Heap after GC invocations=30 (full 0):
 garbage-first heap   total 266240K, used 145408K [0x0000000080000000, 0x0000000100000000)
  region size 1024K, 12 young (12288K), 12 survivors (12288K)
 Metaspace       used 106855K, committed 107648K, reserved 1179648K
  class space    used 14640K, committed 15040K, reserved 1048576K
}
Event: 14.859 GC heap before
{Heap before GC invocations=31 (full 0):
 garbage-first heap   total 266240K, used 226304K [0x0000000080000000, 0x0000000100000000)
  region size 1024K, 67 young (68608K), 12 survivors (12288K)
 Metaspace       used 107616K, committed 108416K, reserved 1179648K
  class space    used 14698K, committed 15104K, reserved 1048576K
}
Event: 14.866 GC heap after
{Heap after GC invocations=32 (full 0):
 garbage-first heap   total 266240K, used 152644K [0x0000000080000000, 0x0000000100000000)
  region size 1024K, 7 young (7168K), 7 survivors (7168K)
 Metaspace       used 107616K, committed 108416K, reserved 1179648K
  class space    used 14698K, committed 15104K, reserved 1048576K
}
Event: 14.884 GC heap before
{Heap before GC invocations=32 (full 0):
 garbage-first heap   total 266240K, used 157764K [0x0000000080000000, 0x0000000100000000)
  region size 1024K, 13 young (13312K), 7 survivors (7168K)
 Metaspace       used 107714K, committed 108544K, reserved 1179648K
  class space    used 14706K, committed 15168K, reserved 1048576K
}
Event: 14.890 GC heap after
{Heap after GC invocations=33 (full 0):
 garbage-first heap   total 319488K, used 152083K [0x0000000080000000, 0x0000000100000000)
  region size 1024K, 2 young (2048K), 2 survivors (2048K)
 Metaspace       used 107714K, committed 108544K, reserved 1179648K
  class space    used 14706K, committed 15168K, reserved 1048576K
}

