# JRE version: OpenJDK Runtime Environment (17.0.7) (build 17.0.7+0-b2043.56-10550314)
# Java VM: OpenJDK 64-Bit Server VM (17.0.7+0-b2043.56-10550314, mixed mode, tiered, compressed oops, compressed class ptrs, g1 gc, windows-amd64)
GC Precious Log:
 CPUs: 8 total, 8 available
 Memory: 16303M
 Large Page Support: Disabled
 NUMA Support: Disabled
 Compressed Oops: Enabled (32-bit)
 Heap Region Size: 1M
 Heap Min Capacity: 8M
 Heap Initial Capacity: 256M
 Heap Max Capacity: 2G
 Pre-touch: Disabled
 Parallel Workers: 8
 Concurrent Workers: 2
 Concurrent Refinement Workers: 8
 Periodic GC: Disabled
Heap:
 garbage-first heap   total 438272K, used 189301K [0x0000000080000000, 0x0000000100000000)
  region size 1024K, 74 young (75776K), 7 survivors (7168K)
 Metaspace       used 106108K, committed 106880K, reserved 1179648K
  class space    used 14723K, committed 15104K, reserved 1048576K
GC Heap History (20 events):
Event: 5.708 GC heap before
{Heap before GC invocations=40 (full 0):
 garbage-first heap   total 158720K, used 85237K [0x0000000080000000, 0x0000000100000000)
  region size 1024K, 7 young (7168K), 2 survivors (2048K)
 Metaspace       used 84352K, committed 84992K, reserved 1179648K
  class space    used 11609K, committed 11904K, reserved 1048576K
}
Event: 5.710 GC heap after
{Heap after GC invocations=41 (full 0):
 garbage-first heap   total 158720K, used 81273K [0x0000000080000000, 0x0000000100000000)
  region size 1024K, 1 young (1024K), 1 survivors (1024K)
 Metaspace       used 84352K, committed 84992K, reserved 1179648K
  class space    used 11609K, committed 11904K, reserved 1048576K
}
Event: 5.984 GC heap before
{Heap before GC invocations=41 (full 0):
 garbage-first heap   total 158720K, used 128377K [0x0000000080000000, 0x0000000100000000)
  region size 1024K, 47 young (48128K), 1 survivors (1024K)
 Metaspace       used 87732K, committed 88384K, reserved 1179648K
  class space    used 12117K, committed 12416K, reserved 1048576K
}
Event: 5.986 GC heap after
{Heap after GC invocations=42 (full 0):
 garbage-first heap   total 219136K, used 83057K [0x0000000080000000, 0x0000000100000000)
  region size 1024K, 3 young (3072K), 3 survivors (3072K)
 Metaspace       used 87732K, committed 88384K, reserved 1179648K
  class space    used 12117K, committed 12416K, reserved 1048576K
}
Event: 6.656 GC heap before
{Heap before GC invocations=43 (full 0):
 garbage-first heap   total 219136K, used 179313K [0x0000000080000000, 0x0000000100000000)
  region size 1024K, 97 young (99328K), 3 survivors (3072K)
 Metaspace       used 96007K, committed 96704K, reserved 1179648K
  class space    used 13312K, committed 13632K, reserved 1048576K
}
Event: 6.660 GC heap after
{Heap after GC invocations=44 (full 0):
 garbage-first heap   total 219136K, used 88626K [0x0000000080000000, 0x0000000100000000)
  region size 1024K, 8 young (8192K), 8 survivors (8192K)
 Metaspace       used 96007K, committed 96704K, reserved 1179648K
  class space    used 13312K, committed 13632K, reserved 1048576K
}
Event: 6.672 GC heap before
{Heap before GC invocations=44 (full 0):
 garbage-first heap   total 219136K, used 90674K [0x0000000080000000, 0x0000000100000000)
  region size 1024K, 10 young (10240K), 8 survivors (8192K)
 Metaspace       used 96123K, committed 96768K, reserved 1179648K
  class space    used 13332K, committed 13632K, reserved 1048576K
}
Event: 6.675 GC heap after
{Heap after GC invocations=45 (full 0):
 garbage-first heap   total 219136K, used 88997K [0x0000000080000000, 0x0000000100000000)
  region size 1024K, 1 young (1024K), 1 survivors (1024K)
 Metaspace       used 96123K, committed 96768K, reserved 1179648K
  class space    used 13332K, committed 13632K, reserved 1048576K
}
Event: 7.084 GC heap before
{Heap before GC invocations=45 (full 0):
 garbage-first heap   total 219136K, used 175013K [0x0000000080000000, 0x0000000100000000)
  region size 1024K, 85 young (87040K), 1 survivors (1024K)
 Metaspace       used 98074K, committed 98688K, reserved 1179648K
  class space    used 13594K, committed 13888K, reserved 1048576K
}
Event: 7.089 GC heap after
{Heap after GC invocations=46 (full 0):
 garbage-first heap   total 219136K, used 98596K [0x0000000080000000, 0x0000000100000000)
  region size 1024K, 11 young (11264K), 11 survivors (11264K)
 Metaspace       used 98074K, committed 98688K, reserved 1179648K
  class space    used 13594K, committed 13888K, reserved 1048576K
}
Event: 7.437 GC heap before
{Heap before GC invocations=46 (full 0):
 garbage-first heap   total 219136K, used 174372K [0x0000000080000000, 0x0000000100000000)
  region size 1024K, 85 young (87040K), 11 survivors (11264K)
 Metaspace       used 100067K, committed 100736K, reserved 1179648K
  class space    used 13950K, committed 14272K, reserved 1048576K
}
Event: 7.445 GC heap after
{Heap after GC invocations=47 (full 0):
 garbage-first heap   total 219136K, used 108300K [0x0000000080000000, 0x0000000100000000)
  region size 1024K, 10 young (10240K), 10 survivors (10240K)
 Metaspace       used 100067K, committed 100736K, reserved 1179648K
  class space    used 13950K, committed 14272K, reserved 1048576K
}
Event: 7.691 GC heap before
{Heap before GC invocations=47 (full 0):
 garbage-first heap   total 219136K, used 173836K [0x0000000080000000, 0x0000000100000000)
  region size 1024K, 75 young (76800K), 10 survivors (10240K)
 Metaspace       used 100673K, committed 101376K, reserved 1179648K
  class space    used 13998K, committed 14336K, reserved 1048576K
}
Event: 7.697 GC heap after
{Heap after GC invocations=48 (full 0):
 garbage-first heap   total 219136K, used 112887K [0x0000000080000000, 0x0000000100000000)
  region size 1024K, 7 young (7168K), 7 survivors (7168K)
 Metaspace       used 100673K, committed 101376K, reserved 1179648K
  class space    used 13998K, committed 14336K, reserved 1048576K
}
Event: 8.053 GC heap before
{Heap before GC invocations=49 (full 0):
 garbage-first heap   total 219136K, used 176375K [0x0000000080000000, 0x0000000100000000)
  region size 1024K, 70 young (71680K), 7 survivors (7168K)
 Metaspace       used 101727K, committed 102400K, reserved 1179648K
  class space    used 14134K, committed 14464K, reserved 1048576K
}
Event: 8.058 GC heap after
{Heap after GC invocations=50 (full 0):
 garbage-first heap   total 219136K, used 117264K [0x0000000080000000, 0x0000000100000000)
  region size 1024K, 6 young (6144K), 6 survivors (6144K)
 Metaspace       used 101727K, committed 102400K, reserved 1179648K
  class space    used 14134K, committed 14464K, reserved 1048576K
}
Event: 8.088 GC heap before
{Heap before GC invocations=50 (full 0):
 garbage-first heap   total 219136K, used 121360K [0x0000000080000000, 0x0000000100000000)
  region size 1024K, 10 young (10240K), 6 survivors (6144K)
 Metaspace       used 102088K, committed 102784K, reserved 1179648K
  class space    used 14182K, committed 14528K, reserved 1048576K
}
Event: 8.091 GC heap after
{Heap after GC invocations=51 (full 0):
 garbage-first heap   total 219136K, used 116993K [0x0000000080000000, 0x0000000100000000)
  region size 1024K, 1 young (1024K), 1 survivors (1024K)
 Metaspace       used 102088K, committed 102784K, reserved 1179648K
  class space    used 14182K, committed 14528K, reserved 1048576K
}
Event: 8.398 GC heap before
{Heap before GC invocations=51 (full 0):
 garbage-first heap   total 219136K, used 177409K [0x0000000080000000, 0x0000000100000000)
  region size 1024K, 61 young (62464K), 1 survivors (1024K)
 Metaspace       used 104822K, committed 105536K, reserved 1179648K
  class space    used 14503K, committed 14848K, reserved 1048576K
}
Event: 8.402 GC heap after
{Heap after GC invocations=52 (full 0):
 garbage-first heap   total 438272K, used 122741K [0x0000000080000000, 0x0000000100000000)
  region size 1024K, 7 young (7168K), 7 survivors (7168K)
 Metaspace       used 104822K, committed 105536K, reserved 1179648K
  class space    used 14503K, committed 14848K, reserved 1048576K
}

