# JRE version: OpenJDK Runtime Environment (17.0.7) (build 17.0.7+0-b2043.56-10550314)
# Java VM: OpenJDK 64-Bit Server VM (17.0.7+0-b2043.56-10550314, mixed mode, tiered, compressed oops, compressed class ptrs, g1 gc, windows-amd64)
GC Precious Log:
 CPUs: 8 total, 8 available
 Memory: 16303M
 Large Page Support: Disabled
 NUMA Support: Disabled
 Compressed Oops: Enabled (32-bit)
 Heap Region Size: 1M
 Heap Min Capacity: 8M
 Heap Initial Capacity: 256M
 Heap Max Capacity: 1G
 Pre-touch: Disabled
 Parallel Workers: 8
 Concurrent Workers: 2
 Concurrent Refinement Workers: 8
 Periodic GC: Disabled
Heap:
 garbage-first heap   total 199680K, used 133939K [0x00000000c0000000, 0x0000000100000000)
  region size 1024K, 20 young (20480K), 1 survivors (1024K)
 Metaspace       used 84013K, committed 84864K, reserved 1179648K
  class space    used 11440K, committed 11840K, reserved 1048576K
GC Heap History (20 events):
Event: 4.181 GC heap before
{Heap before GC invocations=28 (full 0):
 garbage-first heap   total 167936K, used 123661K [0x00000000c0000000, 0x0000000100000000)
  region size 1024K, 30 young (30720K), 1 survivors (1024K)
 Metaspace       used 64359K, committed 65024K, reserved 1114112K
  class space    used 8690K, committed 8960K, reserved 1048576K
}
Event: 4.183 GC heap after
{Heap after GC invocations=29 (full 0):
 garbage-first heap   total 167936K, used 94764K [0x00000000c0000000, 0x0000000100000000)
  region size 1024K, 1 young (1024K), 1 survivors (1024K)
 Metaspace       used 64359K, committed 65024K, reserved 1114112K
  class space    used 8690K, committed 8960K, reserved 1048576K
}
Event: 4.385 GC heap before
{Heap before GC invocations=30 (full 0):
 garbage-first heap   total 167936K, used 115244K [0x00000000c0000000, 0x0000000100000000)
  region size 1024K, 22 young (22528K), 1 survivors (1024K)
 Metaspace       used 68012K, committed 68672K, reserved 1114112K
  class space    used 9172K, committed 9472K, reserved 1048576K
}
Event: 4.387 GC heap after
{Heap after GC invocations=31 (full 0):
 garbage-first heap   total 167936K, used 96859K [0x00000000c0000000, 0x0000000100000000)
  region size 1024K, 3 young (3072K), 3 survivors (3072K)
 Metaspace       used 68012K, committed 68672K, reserved 1114112K
  class space    used 9172K, committed 9472K, reserved 1048576K
}
Event: 4.552 GC heap before
{Heap before GC invocations=32 (full 0):
 garbage-first heap   total 184320K, used 135771K [0x00000000c0000000, 0x0000000100000000)
  region size 1024K, 35 young (35840K), 3 survivors (3072K)
 Metaspace       used 69673K, committed 70400K, reserved 1114112K
  class space    used 9407K, committed 9728K, reserved 1048576K
}
Event: 4.554 GC heap after
{Heap after GC invocations=33 (full 0):
 garbage-first heap   total 184320K, used 99934K [0x00000000c0000000, 0x0000000100000000)
  region size 1024K, 5 young (5120K), 5 survivors (5120K)
 Metaspace       used 69673K, committed 70400K, reserved 1114112K
  class space    used 9407K, committed 9728K, reserved 1048576K
}
Event: 4.780 GC heap before
{Heap before GC invocations=33 (full 0):
 garbage-first heap   total 184320K, used 139870K [0x00000000c0000000, 0x0000000100000000)
  region size 1024K, 44 young (45056K), 5 survivors (5120K)
 Metaspace       used 72652K, committed 73344K, reserved 1114112K
  class space    used 9825K, committed 10112K, reserved 1048576K
}
Event: 4.783 GC heap after
{Heap after GC invocations=34 (full 0):
 garbage-first heap   total 184320K, used 102024K [0x00000000c0000000, 0x0000000100000000)
  region size 1024K, 3 young (3072K), 3 survivors (3072K)
 Metaspace       used 72652K, committed 73344K, reserved 1114112K
  class space    used 9825K, committed 10112K, reserved 1048576K
}
Event: 5.044 GC heap before
{Heap before GC invocations=35 (full 0):
 garbage-first heap   total 184320K, used 147080K [0x00000000c0000000, 0x0000000100000000)
  region size 1024K, 43 young (44032K), 3 survivors (3072K)
 Metaspace       used 76899K, committed 77696K, reserved 1179648K
  class space    used 10415K, committed 10816K, reserved 1048576K
}
Event: 5.046 GC heap after
{Heap after GC invocations=36 (full 0):
 garbage-first heap   total 184320K, used 108416K [0x00000000c0000000, 0x0000000100000000)
  region size 1024K, 5 young (5120K), 5 survivors (5120K)
 Metaspace       used 76899K, committed 77696K, reserved 1179648K
  class space    used 10415K, committed 10816K, reserved 1048576K
}
Event: 5.067 GC heap before
{Heap before GC invocations=36 (full 0):
 garbage-first heap   total 184320K, used 112512K [0x00000000c0000000, 0x0000000100000000)
  region size 1024K, 9 young (9216K), 5 survivors (5120K)
 Metaspace       used 77275K, committed 78016K, reserved 1179648K
  class space    used 10468K, committed 10816K, reserved 1048576K
}
Event: 5.069 GC heap after
{Heap after GC invocations=37 (full 0):
 garbage-first heap   total 184320K, used 108597K [0x00000000c0000000, 0x0000000100000000)
  region size 1024K, 1 young (1024K), 1 survivors (1024K)
 Metaspace       used 77275K, committed 78016K, reserved 1179648K
  class space    used 10468K, committed 10816K, reserved 1048576K
}
Event: 5.290 GC heap before
{Heap before GC invocations=37 (full 0):
 garbage-first heap   total 184320K, used 147509K [0x00000000c0000000, 0x0000000100000000)
  region size 1024K, 39 young (39936K), 1 survivors (1024K)
 Metaspace       used 80334K, committed 81152K, reserved 1179648K
  class space    used 10886K, committed 11264K, reserved 1048576K
}
Event: 5.293 GC heap after
{Heap after GC invocations=38 (full 0):
 garbage-first heap   total 184320K, used 110176K [0x00000000c0000000, 0x0000000100000000)
  region size 1024K, 3 young (3072K), 3 survivors (3072K)
 Metaspace       used 80334K, committed 81152K, reserved 1179648K
  class space    used 10886K, committed 11264K, reserved 1048576K
}
Event: 5.488 GC heap before
{Heap before GC invocations=39 (full 0):
 garbage-first heap   total 191488K, used 148064K [0x00000000c0000000, 0x0000000100000000)
  region size 1024K, 41 young (41984K), 3 survivors (3072K)
 Metaspace       used 81939K, committed 82688K, reserved 1179648K
  class space    used 11102K, committed 11456K, reserved 1048576K
}
Event: 5.490 GC heap after
{Heap after GC invocations=40 (full 0):
 garbage-first heap   total 191488K, used 114040K [0x00000000c0000000, 0x0000000100000000)
  region size 1024K, 6 young (6144K), 6 survivors (6144K)
 Metaspace       used 81939K, committed 82688K, reserved 1179648K
  class space    used 11102K, committed 11456K, reserved 1048576K
}
Event: 5.506 GC heap before
{Heap before GC invocations=40 (full 0):
 garbage-first heap   total 191488K, used 116088K [0x00000000c0000000, 0x0000000100000000)
  region size 1024K, 9 young (9216K), 6 survivors (6144K)
 Metaspace       used 82182K, committed 82944K, reserved 1179648K
  class space    used 11141K, committed 11520K, reserved 1048576K
}
Event: 5.508 GC heap after
{Heap after GC invocations=41 (full 0):
 garbage-first heap   total 191488K, used 114651K [0x00000000c0000000, 0x0000000100000000)
  region size 1024K, 1 young (1024K), 1 survivors (1024K)
 Metaspace       used 82182K, committed 82944K, reserved 1179648K
  class space    used 11141K, committed 11520K, reserved 1048576K
}
Event: 5.539 GC heap before
{Heap before GC invocations=41 (full 0):
 garbage-first heap   total 191488K, used 120795K [0x00000000c0000000, 0x0000000100000000)
  region size 1024K, 8 young (8192K), 1 survivors (1024K)
 Metaspace       used 82603K, committed 83392K, reserved 1179648K
  class space    used 11197K, committed 11584K, reserved 1048576K
}
Event: 5.541 GC heap after
{Heap after GC invocations=42 (full 0):
 garbage-first heap   total 191488K, used 114483K [0x00000000c0000000, 0x0000000100000000)
  region size 1024K, 1 young (1024K), 1 survivors (1024K)
 Metaspace       used 82603K, committed 83392K, reserved 1179648K
  class space    used 11197K, committed 11584K, reserved 1048576K
}

