# JRE version: OpenJDK Runtime Environment (17.0.7) (build 17.0.7+0-b2043.56-10550314)
# Java VM: OpenJDK 64-Bit Server VM (17.0.7+0-b2043.56-10550314, mixed mode, tiered, compressed oops, compressed class ptrs, g1 gc, windows-amd64)
GC Precious Log:
 CPUs: 8 total, 8 available
 Memory: 16303M
 Large Page Support: Disabled
 NUMA Support: Disabled
 Compressed Oops: Enabled (32-bit)
 Heap Region Size: 1M
 Heap Min Capacity: 8M
 Heap Initial Capacity: 256M
 Heap Max Capacity: 2G
 Pre-touch: Disabled
 Parallel Workers: 8
 Concurrent Workers: 2
 Concurrent Refinement Workers: 8
 Periodic GC: Disabled
Heap:
 garbage-first heap   total 393216K, used 238228K [0x0000000080000000, 0x0000000100000000)
  region size 1024K, 94 young (96256K), 9 survivors (9216K)
 Metaspace       used 110268K, committed 111168K, reserved 1179648K
  class space    used 15057K, committed 15488K, reserved 1048576K
GC Heap History (20 events):
Event: 5.921 GC heap before
{Heap before GC invocations=38 (full 0):
 garbage-first heap   total 260096K, used 89619K [0x0000000080000000, 0x0000000100000000)
  region size 1024K, 12 young (12288K), 6 survivors (6144K)
 Metaspace       used 88746K, committed 89344K, reserved 1179648K
  class space    used 12255K, committed 12544K, reserved 1048576K
}
Event: 5.924 GC heap after
{Heap after GC invocations=39 (full 0):
 garbage-first heap   total 260096K, used 83446K [0x0000000080000000, 0x0000000100000000)
  region size 1024K, 1 young (1024K), 1 survivors (1024K)
 Metaspace       used 88746K, committed 89344K, reserved 1179648K
  class space    used 12255K, committed 12544K, reserved 1048576K
}
Event: 6.675 GC heap before
{Heap before GC invocations=39 (full 0):
 garbage-first heap   total 260096K, used 202230K [0x0000000080000000, 0x0000000100000000)
  region size 1024K, 117 young (119808K), 1 survivors (1024K)
 Metaspace       used 97754K, committed 98432K, reserved 1179648K
  class space    used 13545K, committed 13824K, reserved 1048576K
}
Event: 6.680 GC heap after
{Heap after GC invocations=40 (full 0):
 garbage-first heap   total 260096K, used 90833K [0x0000000080000000, 0x0000000100000000)
  region size 1024K, 9 young (9216K), 9 survivors (9216K)
 Metaspace       used 97754K, committed 98432K, reserved 1179648K
  class space    used 13545K, committed 13824K, reserved 1048576K
}
Event: 7.239 GC heap before
{Heap before GC invocations=40 (full 0):
 garbage-first heap   total 260096K, used 205521K [0x0000000080000000, 0x0000000100000000)
  region size 1024K, 121 young (123904K), 9 survivors (9216K)
 Metaspace       used 100072K, committed 100800K, reserved 1179648K
  class space    used 13940K, committed 14272K, reserved 1048576K
}
Event: 7.249 GC heap after
{Heap after GC invocations=41 (full 0):
 garbage-first heap   total 260096K, used 106352K [0x0000000080000000, 0x0000000100000000)
  region size 1024K, 16 young (16384K), 16 survivors (16384K)
 Metaspace       used 100072K, committed 100800K, reserved 1179648K
  class space    used 13940K, committed 14272K, reserved 1048576K
}
Event: 7.625 GC heap before
{Heap before GC invocations=41 (full 0):
 garbage-first heap   total 260096K, used 205680K [0x0000000080000000, 0x0000000100000000)
  region size 1024K, 114 young (116736K), 16 survivors (16384K)
 Metaspace       used 100778K, committed 101504K, reserved 1179648K
  class space    used 13989K, committed 14336K, reserved 1048576K
}
Event: 7.637 GC heap after
{Heap after GC invocations=42 (full 0):
 garbage-first heap   total 260096K, used 113944K [0x0000000080000000, 0x0000000100000000)
  region size 1024K, 9 young (9216K), 9 survivors (9216K)
 Metaspace       used 100778K, committed 101504K, reserved 1179648K
  class space    used 13989K, committed 14336K, reserved 1048576K
}
Event: 8.048 GC heap before
{Heap before GC invocations=42 (full 0):
 garbage-first heap   total 260096K, used 207128K [0x0000000080000000, 0x0000000100000000)
  region size 1024K, 101 young (103424K), 9 survivors (9216K)
 Metaspace       used 101497K, committed 102272K, reserved 1179648K
  class space    used 14039K, committed 14400K, reserved 1048576K
}
Event: 8.057 GC heap after
{Heap after GC invocations=43 (full 0):
 garbage-first heap   total 260096K, used 120032K [0x0000000080000000, 0x0000000100000000)
  region size 1024K, 8 young (8192K), 8 survivors (8192K)
 Metaspace       used 101497K, committed 102272K, reserved 1179648K
  class space    used 14039K, committed 14400K, reserved 1048576K
}
Event: 78.944 GC heap before
{Heap before GC invocations=43 (full 0):
 garbage-first heap   total 260096K, used 208096K [0x0000000080000000, 0x0000000100000000)
  region size 1024K, 95 young (97280K), 8 survivors (8192K)
 Metaspace       used 102689K, committed 103424K, reserved 1179648K
  class space    used 14194K, committed 14528K, reserved 1048576K
}
Event: 78.949 GC heap after
{Heap after GC invocations=44 (full 0):
 garbage-first heap   total 260096K, used 124279K [0x0000000080000000, 0x0000000100000000)
  region size 1024K, 6 young (6144K), 6 survivors (6144K)
 Metaspace       used 102689K, committed 103424K, reserved 1179648K
  class space    used 14194K, committed 14528K, reserved 1048576K
}
Event: 79.462 GC heap before
{Heap before GC invocations=44 (full 0):
 garbage-first heap   total 260096K, used 210295K [0x0000000080000000, 0x0000000100000000)
  region size 1024K, 91 young (93184K), 6 survivors (6144K)
 Metaspace       used 103413K, committed 104192K, reserved 1179648K
  class space    used 14220K, committed 14592K, reserved 1048576K
}
Event: 79.472 GC heap after
{Heap after GC invocations=45 (full 0):
 garbage-first heap   total 260096K, used 134896K [0x0000000080000000, 0x0000000100000000)
  region size 1024K, 12 young (12288K), 12 survivors (12288K)
 Metaspace       used 103413K, committed 104192K, reserved 1179648K
  class space    used 14220K, committed 14592K, reserved 1048576K
}
Event: 192.551 GC heap before
{Heap before GC invocations=46 (full 0):
 garbage-first heap   total 260096K, used 211696K [0x0000000080000000, 0x0000000100000000)
  region size 1024K, 87 young (89088K), 12 survivors (12288K)
 Metaspace       used 103755K, committed 104512K, reserved 1179648K
  class space    used 14231K, committed 14592K, reserved 1048576K
}
Event: 192.559 GC heap after
{Heap after GC invocations=47 (full 0):
 garbage-first heap   total 260096K, used 142406K [0x0000000080000000, 0x0000000100000000)
  region size 1024K, 8 young (8192K), 8 survivors (8192K)
 Metaspace       used 103755K, committed 104512K, reserved 1179648K
  class space    used 14231K, committed 14592K, reserved 1048576K
}
Event: 192.584 GC heap before
{Heap before GC invocations=47 (full 0):
 garbage-first heap   total 260096K, used 146502K [0x0000000080000000, 0x0000000100000000)
  region size 1024K, 12 young (12288K), 8 survivors (8192K)
 Metaspace       used 103778K, committed 104576K, reserved 1179648K
  class space    used 14231K, committed 14592K, reserved 1048576K
}
Event: 192.588 GC heap after
{Heap after GC invocations=48 (full 0):
 garbage-first heap   total 260096K, used 141703K [0x0000000080000000, 0x0000000100000000)
  region size 1024K, 2 young (2048K), 2 survivors (2048K)
 Metaspace       used 103778K, committed 104576K, reserved 1179648K
  class space    used 14231K, committed 14592K, reserved 1048576K
}
Event: 193.028 GC heap before
{Heap before GC invocations=48 (full 0):
 garbage-first heap   total 260096K, used 211335K [0x0000000080000000, 0x0000000100000000)
  region size 1024K, 71 young (72704K), 2 survivors (2048K)
 Metaspace       used 105637K, committed 106368K, reserved 1179648K
  class space    used 14470K, committed 14784K, reserved 1048576K
}
Event: 193.034 GC heap after
{Heap after GC invocations=49 (full 0):
 garbage-first heap   total 393216K, used 149140K [0x0000000080000000, 0x0000000100000000)
  region size 1024K, 9 young (9216K), 9 survivors (9216K)
 Metaspace       used 105637K, committed 106368K, reserved 1179648K
  class space    used 14470K, committed 14784K, reserved 1048576K
}

