# JRE version: OpenJDK Runtime Environment (17.0.7) (build 17.0.7+0-b2043.56-10550314)
# Java VM: OpenJDK 64-Bit Server VM (17.0.7+0-b2043.56-10550314, mixed mode, tiered, compressed oops, compressed class ptrs, g1 gc, windows-amd64)
GC Precious Log:
 CPUs: 8 total, 8 available
 Memory: 16303M
 Large Page Support: Disabled
 NUMA Support: Disabled
 Compressed Oops: Enabled (32-bit)
 Heap Region Size: 1M
 Heap Min Capacity: 8M
 Heap Initial Capacity: 256M
 Heap Max Capacity: 2G
 Pre-touch: Disabled
 Parallel Workers: 8
 Concurrent Workers: 2
 Concurrent Refinement Workers: 8
 Periodic GC: Disabled
Heap:
 garbage-first heap   total 320512K, used 145101K [0x0000000080000000, 0x0000000100000000)
  region size 1024K, 30 young (30720K), 13 survivors (13312K)
 Metaspace       used 116084K, committed 116864K, reserved 1179648K
  class space    used 15743K, committed 16128K, reserved 1048576K
GC Heap History (20 events):
Event: 5.386 GC heap before
{Heap before GC invocations=25 (full 0):
 garbage-first heap   total 157696K, used 129476K [0x0000000080000000, 0x0000000100000000)
  region size 1024K, 49 young (50176K), 2 survivors (2048K)
 Metaspace       used 84903K, committed 85504K, reserved 1179648K
  class space    used 11703K, committed 11968K, reserved 1048576K
}
Event: 5.388 GC heap after
{Heap after GC invocations=26 (full 0):
 garbage-first heap   total 157696K, used 81446K [0x0000000080000000, 0x0000000100000000)
  region size 1024K, 3 young (3072K), 3 survivors (3072K)
 Metaspace       used 84903K, committed 85504K, reserved 1179648K
  class space    used 11703K, committed 11968K, reserved 1048576K
}
Event: 5.416 GC heap before
{Heap before GC invocations=26 (full 0):
 garbage-first heap   total 157696K, used 84518K [0x0000000080000000, 0x0000000100000000)
  region size 1024K, 7 young (7168K), 3 survivors (3072K)
 Metaspace       used 85221K, committed 85824K, reserved 1179648K
  class space    used 11740K, committed 12032K, reserved 1048576K
}
Event: 5.417 GC heap after
{Heap after GC invocations=27 (full 0):
 garbage-first heap   total 157696K, used 81194K [0x0000000080000000, 0x0000000100000000)
  region size 1024K, 1 young (1024K), 1 survivors (1024K)
 Metaspace       used 85221K, committed 85824K, reserved 1179648K
  class space    used 11740K, committed 12032K, reserved 1048576K
}
Event: 5.724 GC heap before
{Heap before GC invocations=27 (full 0):
 garbage-first heap   total 157696K, used 129322K [0x0000000080000000, 0x0000000100000000)
  region size 1024K, 48 young (49152K), 1 survivors (1024K)
 Metaspace       used 88766K, committed 89344K, reserved 1179648K
  class space    used 12262K, committed 12544K, reserved 1048576K
}
Event: 5.726 GC heap after
{Heap after GC invocations=28 (full 0):
 garbage-first heap   total 157696K, used 83151K [0x0000000080000000, 0x0000000100000000)
  region size 1024K, 3 young (3072K), 3 survivors (3072K)
 Metaspace       used 88766K, committed 89344K, reserved 1179648K
  class space    used 12262K, committed 12544K, reserved 1048576K
}
Event: 6.025 GC heap before
{Heap before GC invocations=29 (full 0):
 garbage-first heap   total 157696K, used 130255K [0x0000000080000000, 0x0000000100000000)
  region size 1024K, 49 young (50176K), 3 survivors (3072K)
 Metaspace       used 92554K, committed 93184K, reserved 1179648K
  class space    used 12853K, committed 13184K, reserved 1048576K
}
Event: 6.028 GC heap after
{Heap after GC invocations=30 (full 0):
 garbage-first heap   total 157696K, used 85663K [0x0000000080000000, 0x0000000100000000)
  region size 1024K, 5 young (5120K), 5 survivors (5120K)
 Metaspace       used 92554K, committed 93184K, reserved 1179648K
  class space    used 12853K, committed 13184K, reserved 1048576K
}
Event: 6.041 GC heap before
{Heap before GC invocations=30 (full 0):
 garbage-first heap   total 157696K, used 86687K [0x0000000080000000, 0x0000000100000000)
  region size 1024K, 7 young (7168K), 5 survivors (5120K)
 Metaspace       used 92704K, committed 93312K, reserved 1179648K
  class space    used 12889K, committed 13184K, reserved 1048576K
}
Event: 6.044 GC heap after
{Heap after GC invocations=31 (full 0):
 garbage-first heap   total 157696K, used 85761K [0x0000000080000000, 0x0000000100000000)
  region size 1024K, 1 young (1024K), 1 survivors (1024K)
 Metaspace       used 92704K, committed 93312K, reserved 1179648K
  class space    used 12889K, committed 13184K, reserved 1048576K
}
Event: 6.345 GC heap before
{Heap before GC invocations=31 (full 0):
 garbage-first heap   total 157696K, used 130817K [0x0000000080000000, 0x0000000100000000)
  region size 1024K, 45 young (46080K), 1 survivors (1024K)
 Metaspace       used 96508K, committed 97216K, reserved 1179648K
  class space    used 13380K, committed 13760K, reserved 1048576K
}
Event: 6.349 GC heap after
{Heap after GC invocations=32 (full 0):
 garbage-first heap   total 320512K, used 88503K [0x0000000080000000, 0x0000000100000000)
  region size 1024K, 4 young (4096K), 4 survivors (4096K)
 Metaspace       used 96508K, committed 97216K, reserved 1179648K
  class space    used 13380K, committed 13760K, reserved 1048576K
}
Event: 7.076 GC heap before
{Heap before GC invocations=32 (full 0):
 garbage-first heap   total 320512K, used 249271K [0x0000000080000000, 0x0000000100000000)
  region size 1024K, 161 young (164864K), 4 survivors (4096K)
 Metaspace       used 100078K, committed 100800K, reserved 1179648K
  class space    used 13949K, committed 14336K, reserved 1048576K
}
Event: 7.087 GC heap after
{Heap after GC invocations=33 (full 0):
 garbage-first heap   total 320512K, used 107132K [0x0000000080000000, 0x0000000100000000)
  region size 1024K, 21 young (21504K), 21 survivors (21504K)
 Metaspace       used 100078K, committed 100800K, reserved 1179648K
  class space    used 13949K, committed 14336K, reserved 1048576K
}
Event: 7.554 GC heap before
{Heap before GC invocations=33 (full 0):
 garbage-first heap   total 320512K, used 236156K [0x0000000080000000, 0x0000000100000000)
  region size 1024K, 147 young (150528K), 21 survivors (21504K)
 Metaspace       used 101271K, committed 101952K, reserved 1179648K
  class space    used 14042K, committed 14400K, reserved 1048576K
}
Event: 7.564 GC heap after
{Heap after GC invocations=34 (full 0):
 garbage-first heap   total 320512K, used 116083K [0x0000000080000000, 0x0000000100000000)
  region size 1024K, 11 young (11264K), 11 survivors (11264K)
 Metaspace       used 101271K, committed 101952K, reserved 1179648K
  class space    used 14042K, committed 14400K, reserved 1048576K
}
Event: 7.993 GC heap before
{Heap before GC invocations=34 (full 0):
 garbage-first heap   total 320512K, used 247155K [0x0000000080000000, 0x0000000100000000)
  region size 1024K, 137 young (140288K), 11 survivors (11264K)
 Metaspace       used 104226K, committed 104960K, reserved 1179648K
  class space    used 14437K, committed 14848K, reserved 1048576K
}
Event: 7.998 GC heap after
{Heap after GC invocations=35 (full 0):
 garbage-first heap   total 320512K, used 122408K [0x0000000080000000, 0x0000000100000000)
  region size 1024K, 7 young (7168K), 7 survivors (7168K)
 Metaspace       used 104226K, committed 104960K, reserved 1179648K
  class space    used 14437K, committed 14848K, reserved 1048576K
}
Event: 11.547 GC heap before
{Heap before GC invocations=35 (full 0):
 garbage-first heap   total 320512K, used 263720K [0x0000000080000000, 0x0000000100000000)
  region size 1024K, 135 young (138240K), 7 survivors (7168K)
 Metaspace       used 115687K, committed 116544K, reserved 1179648K
  class space    used 15692K, committed 16128K, reserved 1048576K
}
Event: 11.553 GC heap after
{Heap after GC invocations=36 (full 0):
 garbage-first heap   total 320512K, used 128717K [0x0000000080000000, 0x0000000100000000)
  region size 1024K, 13 young (13312K), 13 survivors (13312K)
 Metaspace       used 115687K, committed 116544K, reserved 1179648K
  class space    used 15692K, committed 16128K, reserved 1048576K
}

