# JRE version: OpenJDK Runtime Environment (17.0.7) (build 17.0.7+0-b2043.56-10550314)
# Java VM: OpenJDK 64-Bit Server VM (17.0.7+0-b2043.56-10550314, mixed mode, tiered, compressed oops, compressed class ptrs, g1 gc, windows-amd64)
GC Precious Log:
 CPUs: 8 total, 8 available
 Memory: 16303M
 Large Page Support: Disabled
 NUMA Support: Disabled
 Compressed Oops: Enabled (32-bit)
 Heap Region Size: 1M
 Heap Min Capacity: 8M
 Heap Initial Capacity: 256M
 Heap Max Capacity: 1G
 Pre-touch: Disabled
 Parallel Workers: 8
 Concurrent Workers: 2
 Concurrent Refinement Workers: 8
 Periodic GC: Disabled
Heap:
 garbage-first heap   total 411648K, used 286001K [0x00000000c0000000, 0x0000000100000000)
  region size 1024K, 48 young (49152K), 4 survivors (4096K)
 Metaspace       used 123572K, committed 124416K, reserved 1179648K
  class space    used 16850K, committed 17280K, reserved 1048576K
GC Heap History (20 events):
Event: 42.532 GC heap before
{Heap before GC invocations=63 (full 0):
 garbage-first heap   total 295936K, used 271943K [0x00000000c0000000, 0x0000000100000000)
  region size 1024K, 100 young (102400K), 6 survivors (6144K)
 Metaspace       used 116385K, committed 117248K, reserved 1179648K
  class space    used 15744K, committed 16192K, reserved 1048576K
}
Event: 42.545 GC heap after
{Heap after GC invocations=64 (full 0):
 garbage-first heap   total 305152K, used 183616K [0x00000000c0000000, 0x0000000100000000)
  region size 1024K, 13 young (13312K), 13 survivors (13312K)
 Metaspace       used 116385K, committed 117248K, reserved 1179648K
  class space    used 15744K, committed 16192K, reserved 1048576K
}
Event: 42.551 GC heap before
{Heap before GC invocations=64 (full 0):
 garbage-first heap   total 305152K, used 184640K [0x00000000c0000000, 0x0000000100000000)
  region size 1024K, 14 young (14336K), 13 survivors (13312K)
 Metaspace       used 116523K, committed 117376K, reserved 1179648K
  class space    used 15797K, committed 16192K, reserved 1048576K
}
Event: 42.560 GC heap after
{Heap after GC invocations=65 (full 0):
 garbage-first heap   total 305152K, used 177472K [0x00000000c0000000, 0x0000000100000000)
  region size 1024K, 2 young (2048K), 2 survivors (2048K)
 Metaspace       used 116523K, committed 117376K, reserved 1179648K
  class space    used 15797K, committed 16192K, reserved 1048576K
}
Event: 42.717 GC heap before
{Heap before GC invocations=65 (full 0):
 garbage-first heap   total 305152K, used 238912K [0x00000000c0000000, 0x0000000100000000)
  region size 1024K, 63 young (64512K), 2 survivors (2048K)
 Metaspace       used 118386K, committed 119168K, reserved 1179648K
  class space    used 16146K, committed 16576K, reserved 1048576K
}
Event: 42.727 GC heap after
{Heap after GC invocations=66 (full 0):
 garbage-first heap   total 305152K, used 199680K [0x00000000c0000000, 0x0000000100000000)
  region size 1024K, 8 young (8192K), 8 survivors (8192K)
 Metaspace       used 118386K, committed 119168K, reserved 1179648K
  class space    used 16146K, committed 16576K, reserved 1048576K
}
Event: 42.834 GC heap before
{Heap before GC invocations=66 (full 0):
 garbage-first heap   total 398336K, used 240640K [0x00000000c0000000, 0x0000000100000000)
  region size 1024K, 48 young (49152K), 8 survivors (8192K)
 Metaspace       used 118471K, committed 119296K, reserved 1179648K
  class space    used 16156K, committed 16576K, reserved 1048576K
}
Event: 42.847 GC heap after
{Heap after GC invocations=67 (full 0):
 garbage-first heap   total 398336K, used 220160K [0x00000000c0000000, 0x0000000100000000)
  region size 1024K, 6 young (6144K), 6 survivors (6144K)
 Metaspace       used 118471K, committed 119296K, reserved 1179648K
  class space    used 16156K, committed 16576K, reserved 1048576K
}
Event: 43.304 GC heap before
{Heap before GC invocations=68 (full 0):
 garbage-first heap   total 398336K, used 303104K [0x00000000c0000000, 0x0000000100000000)
  region size 1024K, 88 young (90112K), 6 survivors (6144K)
 Metaspace       used 122430K, committed 123264K, reserved 1179648K
  class space    used 16713K, committed 17152K, reserved 1048576K
}
Event: 43.314 GC heap after
{Heap after GC invocations=69 (full 0):
 garbage-first heap   total 398336K, used 232999K [0x00000000c0000000, 0x0000000100000000)
  region size 1024K, 11 young (11264K), 11 survivors (11264K)
 Metaspace       used 122430K, committed 123264K, reserved 1179648K
  class space    used 16713K, committed 17152K, reserved 1048576K
}
Event: 43.351 GC heap before
{Heap before GC invocations=69 (full 0):
 garbage-first heap   total 398336K, used 240167K [0x00000000c0000000, 0x0000000100000000)
  region size 1024K, 19 young (19456K), 11 survivors (11264K)
 Metaspace       used 122502K, committed 123328K, reserved 1179648K
  class space    used 16728K, committed 17152K, reserved 1048576K
}
Event: 43.357 GC heap after
{Heap after GC invocations=70 (full 0):
 garbage-first heap   total 398336K, used 232640K [0x00000000c0000000, 0x0000000100000000)
  region size 1024K, 3 young (3072K), 3 survivors (3072K)
 Metaspace       used 122502K, committed 123328K, reserved 1179648K
  class space    used 16728K, committed 17152K, reserved 1048576K
}
Event: 43.483 GC heap before
{Heap before GC invocations=70 (full 0):
 garbage-first heap   total 398336K, used 263360K [0x00000000c0000000, 0x0000000100000000)
  region size 1024K, 34 young (34816K), 3 survivors (3072K)
 Metaspace       used 122876K, committed 123712K, reserved 1179648K
  class space    used 16772K, committed 17216K, reserved 1048576K
}
Event: 43.486 GC heap after
{Heap after GC invocations=71 (full 0):
 garbage-first heap   total 398336K, used 234016K [0x00000000c0000000, 0x0000000100000000)
  region size 1024K, 4 young (4096K), 4 survivors (4096K)
 Metaspace       used 122876K, committed 123712K, reserved 1179648K
  class space    used 16772K, committed 17216K, reserved 1048576K
}
Event: 44.117 GC heap before
{Heap before GC invocations=72 (full 0):
 garbage-first heap   total 411648K, used 313888K [0x00000000c0000000, 0x0000000100000000)
  region size 1024K, 80 young (81920K), 4 survivors (4096K)
 Metaspace       used 123416K, committed 124288K, reserved 1179648K
  class space    used 16831K, committed 17280K, reserved 1048576K
}
Event: 44.123 GC heap after
{Heap after GC invocations=73 (full 0):
 garbage-first heap   total 411648K, used 241188K [0x00000000c0000000, 0x0000000100000000)
  region size 1024K, 8 young (8192K), 8 survivors (8192K)
 Metaspace       used 123416K, committed 124288K, reserved 1179648K
  class space    used 16831K, committed 17280K, reserved 1048576K
}
Event: 44.190 GC heap before
{Heap before GC invocations=73 (full 0):
 garbage-first heap   total 411648K, used 254500K [0x00000000c0000000, 0x0000000100000000)
  region size 1024K, 20 young (20480K), 8 survivors (8192K)
 Metaspace       used 123416K, committed 124288K, reserved 1179648K
  class space    used 16831K, committed 17280K, reserved 1048576K
}
Event: 44.196 GC heap after
{Heap after GC invocations=74 (full 0):
 garbage-first heap   total 411648K, used 237504K [0x00000000c0000000, 0x0000000100000000)
  region size 1024K, 3 young (3072K), 3 survivors (3072K)
 Metaspace       used 123416K, committed 124288K, reserved 1179648K
  class space    used 16831K, committed 17280K, reserved 1048576K
}
Event: 44.241 GC heap before
{Heap before GC invocations=74 (full 0):
 garbage-first heap   total 411648K, used 243648K [0x00000000c0000000, 0x0000000100000000)
  region size 1024K, 11 young (11264K), 3 survivors (3072K)
 Metaspace       used 123443K, committed 124288K, reserved 1179648K
  class space    used 16837K, committed 17280K, reserved 1048576K
}
Event: 44.243 GC heap after
{Heap after GC invocations=75 (full 0):
 garbage-first heap   total 411648K, used 238897K [0x00000000c0000000, 0x0000000100000000)
  region size 1024K, 4 young (4096K), 4 survivors (4096K)
 Metaspace       used 123443K, committed 124288K, reserved 1179648K
  class space    used 16837K, committed 17280K, reserved 1048576K
}

