# JRE version: OpenJDK Runtime Environment (17.0.7) (build 17.0.7+0-b2043.56-10550314)
# Java VM: OpenJDK 64-Bit Server VM (17.0.7+0-b2043.56-10550314, mixed mode, tiered, compressed oops, compressed class ptrs, g1 gc, windows-amd64)
GC Precious Log:
 CPUs: 8 total, 8 available
 Memory: 16303M
 Large Page Support: Disabled
 NUMA Support: Disabled
 Compressed Oops: Enabled (32-bit)
 Heap Region Size: 1M
 Heap Min Capacity: 8M
 Heap Initial Capacity: 256M
 Heap Max Capacity: 2G
 Pre-touch: Disabled
 Parallel Workers: 8
 Concurrent Workers: 2
 Concurrent Refinement Workers: 8
 Periodic GC: Disabled
Heap:
 garbage-first heap   total 262144K, used 120201K [0x0000000080000000, 0x0000000100000000)
  region size 1024K, 7 young (7168K), 7 survivors (7168K)
 Metaspace       used 103887K, committed 104704K, reserved 1179648K
  class space    used 14314K, committed 14720K, reserved 1048576K
GC Heap History (20 events):
Event: 5.524 GC heap after
{Heap after GC invocations=34 (full 0):
 garbage-first heap   total 153600K, used 81702K [0x0000000080000000, 0x0000000100000000)
  region size 1024K, 3 young (3072K), 3 survivors (3072K)
 Metaspace       used 84488K, committed 85184K, reserved 1179648K
  class space    used 11631K, committed 11968K, reserved 1048576K
}
Event: 5.545 GC heap before
{Heap before GC invocations=34 (full 0):
 garbage-first heap   total 153600K, used 85798K [0x0000000080000000, 0x0000000100000000)
  region size 1024K, 7 young (7168K), 3 survivors (3072K)
 Metaspace       used 84799K, committed 85440K, reserved 1179648K
  class space    used 11688K, committed 11968K, reserved 1048576K
}
Event: 5.547 GC heap after
{Heap after GC invocations=35 (full 0):
 garbage-first heap   total 153600K, used 81297K [0x0000000080000000, 0x0000000100000000)
  region size 1024K, 1 young (1024K), 1 survivors (1024K)
 Metaspace       used 84799K, committed 85440K, reserved 1179648K
  class space    used 11688K, committed 11968K, reserved 1048576K
}
Event: 5.818 GC heap before
{Heap before GC invocations=35 (full 0):
 garbage-first heap   total 153600K, used 125329K [0x0000000080000000, 0x0000000100000000)
  region size 1024K, 44 young (45056K), 1 survivors (1024K)
 Metaspace       used 87818K, committed 88448K, reserved 1179648K
  class space    used 12132K, committed 12416K, reserved 1048576K
}
Event: 5.820 GC heap after
{Heap after GC invocations=36 (full 0):
 garbage-first heap   total 153600K, used 82995K [0x0000000080000000, 0x0000000100000000)
  region size 1024K, 3 young (3072K), 3 survivors (3072K)
 Metaspace       used 87818K, committed 88448K, reserved 1179648K
  class space    used 12132K, committed 12416K, reserved 1048576K
}
Event: 6.154 GC heap before
{Heap before GC invocations=37 (full 0):
 garbage-first heap   total 153600K, used 126003K [0x0000000080000000, 0x0000000100000000)
  region size 1024K, 45 young (46080K), 3 survivors (3072K)
 Metaspace       used 91185K, committed 91840K, reserved 1179648K
  class space    used 12632K, committed 12928K, reserved 1048576K
}
Event: 6.157 GC heap after
{Heap after GC invocations=38 (full 0):
 garbage-first heap   total 153600K, used 85547K [0x0000000080000000, 0x0000000100000000)
  region size 1024K, 5 young (5120K), 5 survivors (5120K)
 Metaspace       used 91185K, committed 91840K, reserved 1179648K
  class space    used 12632K, committed 12928K, reserved 1048576K
}
Event: 6.170 GC heap before
{Heap before GC invocations=38 (full 0):
 garbage-first heap   total 153600K, used 87595K [0x0000000080000000, 0x0000000100000000)
  region size 1024K, 7 young (7168K), 5 survivors (5120K)
 Metaspace       used 91367K, committed 92032K, reserved 1179648K
  class space    used 12664K, committed 12992K, reserved 1048576K
}
Event: 6.175 GC heap after
{Heap after GC invocations=39 (full 0):
 garbage-first heap   total 192512K, used 85964K [0x0000000080000000, 0x0000000100000000)
  region size 1024K, 1 young (1024K), 1 survivors (1024K)
 Metaspace       used 91367K, committed 92032K, reserved 1179648K
  class space    used 12664K, committed 12992K, reserved 1048576K
}
Event: 6.618 GC heap before
{Heap before GC invocations=39 (full 0):
 garbage-first heap   total 192512K, used 153548K [0x0000000080000000, 0x0000000100000000)
  region size 1024K, 67 young (68608K), 1 survivors (1024K)
 Metaspace       used 96971K, committed 97600K, reserved 1179648K
  class space    used 13453K, committed 13760K, reserved 1048576K
}
Event: 6.621 GC heap after
{Heap after GC invocations=40 (full 0):
 garbage-first heap   total 192512K, used 89679K [0x0000000080000000, 0x0000000100000000)
  region size 1024K, 5 young (5120K), 5 survivors (5120K)
 Metaspace       used 96971K, committed 97600K, reserved 1179648K
  class space    used 13453K, committed 13760K, reserved 1048576K
}
Event: 6.941 GC heap before
{Heap before GC invocations=40 (full 0):
 garbage-first heap   total 192512K, used 158287K [0x0000000080000000, 0x0000000100000000)
  region size 1024K, 72 young (73728K), 5 survivors (5120K)
 Metaspace       used 98014K, committed 98688K, reserved 1179648K
  class space    used 13577K, committed 13888K, reserved 1048576K
}
Event: 6.947 GC heap after
{Heap after GC invocations=41 (full 0):
 garbage-first heap   total 192512K, used 98694K [0x0000000080000000, 0x0000000100000000)
  region size 1024K, 9 young (9216K), 9 survivors (9216K)
 Metaspace       used 98014K, committed 98688K, reserved 1179648K
  class space    used 13577K, committed 13888K, reserved 1048576K
}
Event: 7.248 GC heap before
{Heap before GC invocations=41 (full 0):
 garbage-first heap   total 192512K, used 155014K [0x0000000080000000, 0x0000000100000000)
  region size 1024K, 65 young (66560K), 9 survivors (9216K)
 Metaspace       used 100016K, committed 100736K, reserved 1179648K
  class space    used 13942K, committed 14272K, reserved 1048576K
}
Event: 7.255 GC heap after
{Heap after GC invocations=42 (full 0):
 garbage-first heap   total 192512K, used 107529K [0x0000000080000000, 0x0000000100000000)
  region size 1024K, 9 young (9216K), 9 survivors (9216K)
 Metaspace       used 100016K, committed 100736K, reserved 1179648K
  class space    used 13942K, committed 14272K, reserved 1048576K
}
Event: 7.454 GC heap before
{Heap before GC invocations=43 (full 0):
 garbage-first heap   total 203776K, used 154633K [0x0000000080000000, 0x0000000100000000)
  region size 1024K, 56 young (57344K), 9 survivors (9216K)
 Metaspace       used 100267K, committed 100992K, reserved 1179648K
  class space    used 13950K, committed 14272K, reserved 1048576K
}
Event: 7.458 GC heap after
{Heap after GC invocations=44 (full 0):
 garbage-first heap   total 203776K, used 110462K [0x0000000080000000, 0x0000000100000000)
  region size 1024K, 5 young (5120K), 5 survivors (5120K)
 Metaspace       used 100267K, committed 100992K, reserved 1179648K
  class space    used 13950K, committed 14272K, reserved 1048576K
}
Event: 7.518 GC heap before
{Heap before GC invocations=44 (full 0):
 garbage-first heap   total 203776K, used 114558K [0x0000000080000000, 0x0000000100000000)
  region size 1024K, 9 young (9216K), 5 survivors (5120K)
 Metaspace       used 100614K, committed 101312K, reserved 1179648K
  class space    used 14021K, committed 14336K, reserved 1048576K
}
Event: 7.521 GC heap after
{Heap after GC invocations=45 (full 0):
 garbage-first heap   total 203776K, used 110907K [0x0000000080000000, 0x0000000100000000)
  region size 1024K, 1 young (1024K), 1 survivors (1024K)
 Metaspace       used 100614K, committed 101312K, reserved 1179648K
  class space    used 14021K, committed 14336K, reserved 1048576K
}
Event: 8.148 GC heap before
{Heap before GC invocations=45 (full 0):
 garbage-first heap   total 203776K, used 170299K [0x0000000080000000, 0x0000000100000000)
  region size 1024K, 55 young (56320K), 1 survivors (1024K)
 Metaspace       used 103887K, committed 104704K, reserved 1179648K
  class space    used 14314K, committed 14720K, reserved 1048576K
}

