# JRE version: OpenJDK Runtime Environment (17.0.7) (build 17.0.7+0-b2043.56-10550314)
# Java VM: OpenJDK 64-Bit Server VM (17.0.7+0-b2043.56-10550314, mixed mode, tiered, compressed oops, compressed class ptrs, g1 gc, windows-amd64)
GC Precious Log:
 CPUs: 8 total, 8 available
 Memory: 16303M
 Large Page Support: Disabled
 NUMA Support: Disabled
 Compressed Oops: Enabled (32-bit)
 Heap Region Size: 1M
 Heap Min Capacity: 8M
 Heap Initial Capacity: 256M
 Heap Max Capacity: 2G
 Pre-touch: Disabled
 Parallel Workers: 8
 Concurrent Workers: 2
 Concurrent Refinement Workers: 8
 Periodic GC: Disabled
Heap:
 garbage-first heap   total 317440K, used 256757K [0x0000000080000000, 0x0000000100000000)
  region size 1024K, 71 young (72704K), 5 survivors (5120K)
 Metaspace       used 146660K, committed 147648K, reserved 1179648K
  class space    used 20398K, committed 20864K, reserved 1048576K
GC Heap History (20 events):
Event: 7.430 GC heap before
{Heap before GC invocations=41 (full 0):
 garbage-first heap   total 317440K, used 244484K [0x0000000080000000, 0x0000000100000000)
  region size 1024K, 150 young (153600K), 1 survivors (1024K)
 Metaspace       used 100454K, committed 101184K, reserved 1179648K
  class space    used 13979K, committed 14336K, reserved 1048576K
}
Event: 7.437 GC heap after
{Heap after GC invocations=42 (full 0):
 garbage-first heap   total 317440K, used 108984K [0x0000000080000000, 0x0000000100000000)
  region size 1024K, 17 young (17408K), 17 survivors (17408K)
 Metaspace       used 100454K, committed 101184K, reserved 1179648K
  class space    used 13979K, committed 14336K, reserved 1048576K
}
Event: 8.161 GC heap before
{Heap before GC invocations=42 (full 0):
 garbage-first heap   total 317440K, used 232888K [0x0000000080000000, 0x0000000100000000)
  region size 1024K, 139 young (142336K), 17 survivors (17408K)
 Metaspace       used 103525K, committed 104256K, reserved 1179648K
  class space    used 14332K, committed 14656K, reserved 1048576K
}
Event: 8.170 GC heap after
{Heap after GC invocations=43 (full 0):
 garbage-first heap   total 317440K, used 118105K [0x0000000080000000, 0x0000000100000000)
  region size 1024K, 11 young (11264K), 11 survivors (11264K)
 Metaspace       used 103525K, committed 104256K, reserved 1179648K
  class space    used 14332K, committed 14656K, reserved 1048576K
}
Event: 15.768 GC heap before
{Heap before GC invocations=43 (full 0):
 garbage-first heap   total 317440K, used 242009K [0x0000000080000000, 0x0000000100000000)
  region size 1024K, 133 young (136192K), 11 survivors (11264K)
 Metaspace       used 106452K, committed 107200K, reserved 1179648K
  class space    used 14745K, committed 15104K, reserved 1048576K
}
Event: 15.775 GC heap after
{Heap after GC invocations=44 (full 0):
 garbage-first heap   total 317440K, used 125482K [0x0000000080000000, 0x0000000100000000)
  region size 1024K, 10 young (10240K), 10 survivors (10240K)
 Metaspace       used 106452K, committed 107200K, reserved 1179648K
  class space    used 14745K, committed 15104K, reserved 1048576K
}
Event: 26.024 GC heap before
{Heap before GC invocations=44 (full 0):
 garbage-first heap   total 317440K, used 255530K [0x0000000080000000, 0x0000000100000000)
  region size 1024K, 131 young (134144K), 10 survivors (10240K)
 Metaspace       used 113980K, committed 114816K, reserved 1179648K
  class space    used 15792K, committed 16192K, reserved 1048576K
}
Event: 26.034 GC heap after
{Heap after GC invocations=45 (full 0):
 garbage-first heap   total 317440K, used 139708K [0x0000000080000000, 0x0000000100000000)
  region size 1024K, 17 young (17408K), 17 survivors (17408K)
 Metaspace       used 113980K, committed 114816K, reserved 1179648K
  class space    used 15792K, committed 16192K, reserved 1048576K
}
Event: 26.480 GC heap before
{Heap before GC invocations=45 (full 0):
 garbage-first heap   total 317440K, used 250300K [0x0000000080000000, 0x0000000100000000)
  region size 1024K, 126 young (129024K), 17 survivors (17408K)
 Metaspace       used 124514K, committed 125376K, reserved 1179648K
  class space    used 17760K, committed 18176K, reserved 1048576K
}
Event: 26.489 GC heap after
{Heap after GC invocations=46 (full 0):
 garbage-first heap   total 317440K, used 146254K [0x0000000080000000, 0x0000000100000000)
  region size 1024K, 7 young (7168K), 7 survivors (7168K)
 Metaspace       used 124514K, committed 125376K, reserved 1179648K
  class space    used 17760K, committed 18176K, reserved 1048576K
}
Event: 26.891 GC heap before
{Heap before GC invocations=46 (full 0):
 garbage-first heap   total 317440K, used 255822K [0x0000000080000000, 0x0000000100000000)
  region size 1024K, 114 young (116736K), 7 survivors (7168K)
 Metaspace       used 127547K, committed 128512K, reserved 1179648K
  class space    used 18215K, committed 18688K, reserved 1048576K
}
Event: 26.898 GC heap after
{Heap after GC invocations=47 (full 0):
 garbage-first heap   total 317440K, used 145039K [0x0000000080000000, 0x0000000100000000)
  region size 1024K, 6 young (6144K), 6 survivors (6144K)
 Metaspace       used 127547K, committed 128512K, reserved 1179648K
  class space    used 18215K, committed 18688K, reserved 1048576K
}
Event: 571.220 GC heap before
{Heap before GC invocations=47 (full 0):
 garbage-first heap   total 317440K, used 277135K [0x0000000080000000, 0x0000000100000000)
  region size 1024K, 118 young (120832K), 6 survivors (6144K)
 Metaspace       used 134790K, committed 135744K, reserved 1179648K
  class space    used 19211K, committed 19648K, reserved 1048576K
}
Event: 571.225 GC heap after
{Heap after GC invocations=48 (full 0):
 garbage-first heap   total 317440K, used 152556K [0x0000000080000000, 0x0000000100000000)
  region size 1024K, 13 young (13312K), 13 survivors (13312K)
 Metaspace       used 134790K, committed 135744K, reserved 1179648K
  class space    used 19211K, committed 19648K, reserved 1048576K
}
Event: 572.142 GC heap before
{Heap before GC invocations=48 (full 0):
 garbage-first heap   total 317440K, used 262124K [0x0000000080000000, 0x0000000100000000)
  region size 1024K, 119 young (121856K), 13 survivors (13312K)
 Metaspace       used 139741K, committed 140736K, reserved 1179648K
  class space    used 19820K, committed 20352K, reserved 1048576K
}
Event: 572.154 GC heap after
{Heap after GC invocations=49 (full 0):
 garbage-first heap   total 317440K, used 178160K [0x0000000080000000, 0x0000000100000000)
  region size 1024K, 15 young (15360K), 15 survivors (15360K)
 Metaspace       used 139741K, committed 140736K, reserved 1179648K
  class space    used 19820K, committed 20352K, reserved 1048576K
}
Event: 572.651 GC heap before
{Heap before GC invocations=49 (full 0):
 garbage-first heap   total 317440K, used 268272K [0x0000000080000000, 0x0000000100000000)
  region size 1024K, 87 young (89088K), 15 survivors (15360K)
 Metaspace       used 142780K, committed 143808K, reserved 1179648K
  class space    used 20115K, committed 20608K, reserved 1048576K
}
Event: 572.660 GC heap after
{Heap after GC invocations=50 (full 0):
 garbage-first heap   total 317440K, used 186123K [0x0000000080000000, 0x0000000100000000)
  region size 1024K, 7 young (7168K), 7 survivors (7168K)
 Metaspace       used 142780K, committed 143808K, reserved 1179648K
  class space    used 20115K, committed 20608K, reserved 1048576K
}
Event: 573.853 GC heap before
{Heap before GC invocations=50 (full 0):
 garbage-first heap   total 317440K, used 255754K [0x0000000080000000, 0x0000000100000000)
  region size 1024K, 74 young (75776K), 7 survivors (7168K)
 Metaspace       used 145966K, committed 147008K, reserved 1179648K
  class space    used 20348K, committed 20864K, reserved 1048576K
}
Event: 573.859 GC heap after
{Heap after GC invocations=51 (full 0):
 garbage-first heap   total 317440K, used 191221K [0x0000000080000000, 0x0000000100000000)
  region size 1024K, 5 young (5120K), 5 survivors (5120K)
 Metaspace       used 145966K, committed 147008K, reserved 1179648K
  class space    used 20348K, committed 20864K, reserved 1048576K
}

